<?xml version="1.0" encoding="UTF-8"?>
<!-- Generated by org.testng.reporters.JUnitReportReporter -->
<testsuite skipped="0" hostname="Charming" name="mavensample.tests.SampleTest" tests="2" failures="0" timestamp="17 Aug 2019 00:24:48 GMT" time="0.068" errors="0">
  <testcase name="SecondTest" time="0.004" classname="mavensample.tests.SampleTest"/>
  <testcase name="FirstTest" time="0.064" classname="mavensample.tests.SampleTest"/>
</testsuite> <!-- mavensample.tests.SampleTest -->
